{
  "RSpec": {
    "coverage": {
      "/Users/Ellen/Documents/ada_homework/in_progress/capstone_api/MainEpicookbookAPI/app/helpers/application_helper.rb": [
        1,
        null
      ],
      "/Users/Ellen/Documents/ada_homework/in_progress/capstone_api/MainEpicookbookAPI/app/helpers/recipes_helper.rb": [
        1,
        null
      ],
      "/Users/Ellen/Documents/ada_homework/in_progress/capstone_api/MainEpicookbookAPI/app/controllers/recipes_controller.rb": [
        1,
        1,
        2,
        null,
        null
      ],
      "/Users/Ellen/Documents/ada_homework/in_progress/capstone_api/MainEpicookbookAPI/app/controllers/application_controller.rb": [
        1,
        null,
        null,
        1,
        null
      ],
      "/Users/Ellen/Documents/ada_homework/in_progress/capstone_api/MainEpicookbookAPI/app/models/direction.rb": [
        1,
        1,
        1,
        1,
        null
      ],
      "/Users/Ellen/Documents/ada_homework/in_progress/capstone_api/MainEpicookbookAPI/app/models/recipe.rb": [
        1,
        1,
        1,
        1,
        null
      ]
    },
    "timestamp": 1396550610
  }
}
